<?xml version="1.0" encoding="utf-8"?><testsuites name="pytest tests"><testsuite name="pytest" errors="0" failures="0" skipped="0" tests="13" time="3.311" timestamp="2026-05-06T11:02:59.149722+00:00" hostname="agent-env-a24ead96-0b55-4253-8b19-ac6850e9a5de"><testcase classname="backend.tests.test_inspection_pdf.TestInspectionUpload" name="test_upload_requires_auth" time="0.347" /><testcase classname="backend.tests.test_inspection_pdf.TestInspectionUpload" name="test_upload_rejects_non_pdf" time="0.109" /><testcase classname="backend.tests.test_inspection_pdf.TestInspectionUpload" name="test_upload_rejects_oversize" time="0.461" /><testcase classname="backend.tests.test_inspection_pdf.TestInspectionUpload" name="test_upload_non_seller_403" time="0.222" /><testcase classname="backend.tests.test_inspection_pdf.TestInspectionUpload" name="test_upload_success_seller" time="0.108" /><testcase classname="backend.tests.test_inspection_pdf.TestByCarAndEnrichment" name="test_by_car_returns_metadata" time="0.050" /><testcase classname="backend.tests.test_inspection_pdf.TestByCarAndEnrichment" name="test_auction_enrichment_includes_pdf" time="0.051" /><testcase classname="backend.tests.test_inspection_pdf.TestByCarAndEnrichment" name="test_by_car_unknown_returns_null" time="0.048" /><testcase classname="backend.tests.test_inspection_pdf.TestFileDownload" name="test_download_no_token_401" time="0.139" /><testcase classname="backend.tests.test_inspection_pdf.TestFileDownload" name="test_download_with_bearer_header_200_pdf" time="0.101" /><testcase classname="backend.tests.test_inspection_pdf.TestFileDownload" name="test_download_with_query_token_200_pdf" time="0.114" /><testcase classname="backend.tests.test_inspection_pdf.TestFileDownload" name="test_download_unknown_id_404" time="1.378" /><testcase classname="backend.tests.test_inspection_pdf.TestReuploadReplaces" name="test_reupload_replaces_record" time="0.161" /></testsuite></testsuites>