<?xml version="1.0" encoding="utf-8"?><testsuites name="pytest tests"><testsuite name="pytest" errors="0" failures="0" skipped="0" tests="38" time="9.051" timestamp="2026-05-06T11:29:28.571246+00:00" hostname="agent-env-a24ead96-0b55-4253-8b19-ac6850e9a5de"><testcase classname="backend.tests.test_inspection_pdf.TestInspectionUpload" name="test_upload_requires_auth" time="0.532" /><testcase classname="backend.tests.test_inspection_pdf.TestInspectionUpload" name="test_upload_rejects_non_pdf" time="0.114" /><testcase classname="backend.tests.test_inspection_pdf.TestInspectionUpload" name="test_upload_rejects_oversize" time="0.591" /><testcase classname="backend.tests.test_inspection_pdf.TestInspectionUpload" name="test_upload_non_seller_403" time="0.205" /><testcase classname="backend.tests.test_inspection_pdf.TestInspectionUpload" name="test_upload_success_seller" time="0.192" /><testcase classname="backend.tests.test_inspection_pdf.TestByCarAndEnrichment" name="test_by_car_returns_metadata" time="0.068" /><testcase classname="backend.tests.test_inspection_pdf.TestByCarAndEnrichment" name="test_auction_enrichment_includes_pdf" time="0.081" /><testcase classname="backend.tests.test_inspection_pdf.TestByCarAndEnrichment" name="test_by_car_unknown_returns_null" time="0.067" /><testcase classname="backend.tests.test_inspection_pdf.TestFileDownload" name="test_download_no_token_401" time="0.098" /><testcase classname="backend.tests.test_inspection_pdf.TestFileDownload" name="test_download_with_bearer_header_200_pdf" time="0.098" /><testcase classname="backend.tests.test_inspection_pdf.TestFileDownload" name="test_download_with_query_token_200_pdf" time="0.102" /><testcase classname="backend.tests.test_inspection_pdf.TestFileDownload" name="test_download_unknown_id_404" time="0.101" /><testcase classname="backend.tests.test_inspection_pdf.TestReuploadReplaces" name="test_reupload_replaces_record" time="0.183" /><testcase classname="backend.tests.test_qdrives_api.TestHealth" name="test_root" time="0.063" /><testcase classname="backend.tests.test_qdrives_api.TestOtpAuth" name="test_send_otp_returns_dev_otp" time="0.067" /><testcase classname="backend.tests.test_qdrives_api.TestOtpAuth" name="test_send_otp_invalid_phone" time="0.064" /><testcase classname="backend.tests.test_qdrives_api.TestOtpAuth" name="test_verify_wrong_otp" time="0.064" /><testcase classname="backend.tests.test_qdrives_api.TestOtpAuth" name="test_verify_new_user_creates_dealer" time="0.075" /><testcase classname="backend.tests.test_qdrives_api.TestOtpAuth" name="test_verify_existing_user_is_not_new" time="0.065" /><testcase classname="backend.tests.test_qdrives_api.TestOtpAuth" name="test_verify_seed_dealer" time="0.067" /><testcase classname="backend.tests.test_qdrives_api.TestMeAndKyc" name="test_me_without_token_401" time="0.068" /><testcase classname="backend.tests.test_qdrives_api.TestMeAndKyc" name="test_me_with_token" time="0.065" /><testcase classname="backend.tests.test_qdrives_api.TestMeAndKyc" name="test_kyc_updates_profile" time="0.127" /><testcase classname="backend.tests.test_qdrives_api.TestCatalog" name="test_cars_seeded" time="0.076" /><testcase classname="backend.tests.test_qdrives_api.TestCatalog" name="test_auctions_list_enriched" time="0.111" /><testcase classname="backend.tests.test_qdrives_api.TestCatalog" name="test_auctions_filter_live" time="0.100" /><testcase classname="backend.tests.test_qdrives_api.TestCatalog" name="test_get_single_auction_with_recent_bids" time="0.069" /><testcase classname="backend.tests.test_qdrives_api.TestCatalog" name="test_market_pulse" time="0.094" /><testcase classname="backend.tests.test_qdrives_api.TestDashboard" name="test_dashboard_stats_requires_auth" time="0.065" /><testcase classname="backend.tests.test_qdrives_api.TestDashboard" name="test_dashboard_stats_authed" time="0.098" /><testcase classname="backend.tests.test_qdrives_api.TestBidding" name="test_bid_low_amount_400" time="0.075" /><testcase classname="backend.tests.test_qdrives_api.TestBidding" name="test_bid_on_own_auction_400" time="0.204" /><testcase classname="backend.tests.test_qdrives_api.TestBidding" name="test_bid_valid" time="0.202" /><testcase classname="backend.tests.test_qdrives_api.TestBidding" name="test_outbid_creates_notification_for_prev_top" time="0.347" /><testcase classname="backend.tests.test_qdrives_api.TestWatchlist" name="test_watchlist_toggle" time="0.267" /><testcase classname="backend.tests.test_qdrives_api.TestSellFlow" name="test_create_car_creates_auction" time="0.074" /><testcase classname="backend.tests.test_qdrives_api.TestAiPricing" name="test_price_estimate_returns_required_fields" time="3.596" /><testcase classname="backend.tests.test_qdrives_api.TestWebSocket" name="test_ws_snapshot_and_broadcast" time="0.455" /></testsuite></testsuites>