<?xml version="1.0" encoding="utf-8"?><testsuites name="pytest tests"><testsuite name="pytest" errors="0" failures="0" skipped="0" tests="25" time="5.878" timestamp="2026-05-06T09:07:32.041909+00:00" hostname="agent-env-a24ead96-0b55-4253-8b19-ac6850e9a5de"><testcase classname="backend.tests.test_qdrives_api.TestHealth" name="test_root" time="0.164" /><testcase classname="backend.tests.test_qdrives_api.TestOtpAuth" name="test_send_otp_returns_dev_otp" time="0.103" /><testcase classname="backend.tests.test_qdrives_api.TestOtpAuth" name="test_send_otp_invalid_phone" time="0.142" /><testcase classname="backend.tests.test_qdrives_api.TestOtpAuth" name="test_verify_wrong_otp" time="0.102" /><testcase classname="backend.tests.test_qdrives_api.TestOtpAuth" name="test_verify_new_user_creates_dealer" time="0.105" /><testcase classname="backend.tests.test_qdrives_api.TestOtpAuth" name="test_verify_existing_user_is_not_new" time="0.100" /><testcase classname="backend.tests.test_qdrives_api.TestOtpAuth" name="test_verify_seed_dealer" time="0.104" /><testcase classname="backend.tests.test_qdrives_api.TestMeAndKyc" name="test_me_without_token_401" time="0.099" /><testcase classname="backend.tests.test_qdrives_api.TestMeAndKyc" name="test_me_with_token" time="0.115" /><testcase classname="backend.tests.test_qdrives_api.TestMeAndKyc" name="test_kyc_updates_profile" time="0.148" /><testcase classname="backend.tests.test_qdrives_api.TestCatalog" name="test_cars_seeded" time="0.104" /><testcase classname="backend.tests.test_qdrives_api.TestCatalog" name="test_auctions_list_enriched" time="0.140" /><testcase classname="backend.tests.test_qdrives_api.TestCatalog" name="test_auctions_filter_live" time="0.142" /><testcase classname="backend.tests.test_qdrives_api.TestCatalog" name="test_get_single_auction_with_recent_bids" time="0.097" /><testcase classname="backend.tests.test_qdrives_api.TestCatalog" name="test_market_pulse" time="0.120" /><testcase classname="backend.tests.test_qdrives_api.TestDashboard" name="test_dashboard_stats_requires_auth" time="0.114" /><testcase classname="backend.tests.test_qdrives_api.TestDashboard" name="test_dashboard_stats_authed" time="0.124" /><testcase classname="backend.tests.test_qdrives_api.TestBidding" name="test_bid_low_amount_400" time="0.107" /><testcase classname="backend.tests.test_qdrives_api.TestBidding" name="test_bid_on_own_auction_400" time="0.191" /><testcase classname="backend.tests.test_qdrives_api.TestBidding" name="test_bid_valid" time="0.305" /><testcase classname="backend.tests.test_qdrives_api.TestBidding" name="test_outbid_creates_notification_for_prev_top" time="0.426" /><testcase classname="backend.tests.test_qdrives_api.TestWatchlist" name="test_watchlist_toggle" time="0.269" /><testcase classname="backend.tests.test_qdrives_api.TestSellFlow" name="test_create_car_creates_auction" time="0.130" /><testcase classname="backend.tests.test_qdrives_api.TestAiPricing" name="test_price_estimate_returns_required_fields" time="1.829" /><testcase classname="backend.tests.test_qdrives_api.TestWebSocket" name="test_ws_snapshot_and_broadcast" time="0.518" /></testsuite></testsuites>